# JRE version: OpenJDK Runtime Environment Temurin-21.0.10+7 (21.0.10+7) (build 21.0.10+7-LTS)
# Java VM: OpenJDK 64-Bit Server VM Temurin-21.0.10+7 (21.0.10+7-LTS, mixed mode, sharing, tiered, compressed oops, compressed class ptrs, g1 gc, windows-amd64)
GC Precious Log:
 CardTable entry size: 512
 Card Set container configuration: InlinePtr #cards 4 size 8 Array Of Cards #cards 16 size 48 Howl #buckets 8 coarsen threshold 3686 Howl Bitmap #cards 512 size 80 coarsen threshold 460 Card regions per heap region 1 cards per card region 4096
 CPUs: 8 total, 8 available
 Memory: 16102M
 Large Page Support: Disabled
 NUMA Support: Disabled
 Compressed Oops: Enabled (Zero based)
 Heap Region Size: 2M
 Heap Min Capacity: 8M
 Heap Initial Capacity: 252M
 Heap Max Capacity: 4026M
 Pre-touch: Disabled
 Parallel Workers: 8
 Concurrent Workers: 2
 Concurrent Refinement Workers: 8
 Periodic GC: Disabled
Heap:
 garbage-first heap   total 471040K, used 341995K [0x0000000704600000, 0x0000000800000000)
  region size 2048K, 13 young (26624K), 9 survivors (18432K)
 Metaspace       used 119791K, committed 122816K, reserved 1179648K
  class space    used 16996K, committed 18368K, reserved 1048576K
GC Heap History (20 events):
Event: 114.991 GC heap before
{Heap before GC invocations=66 (full 0):
 garbage-first heap   total 376832K, used 327993K [0x0000000704600000, 0x0000000800000000)
  region size 2048K, 55 young (112640K), 3 survivors (6144K)
 Metaspace       used 107645K, committed 110336K, reserved 1179648K
  class space    used 15431K, committed 16704K, reserved 1048576K
}
Event: 114.998 GC heap after
{Heap after GC invocations=67 (full 0):
 garbage-first heap   total 376832K, used 227651K [0x0000000704600000, 0x0000000800000000)
  region size 2048K, 5 young (10240K), 5 survivors (10240K)
 Metaspace       used 107645K, committed 110336K, reserved 1179648K
  class space    used 15431K, committed 16704K, reserved 1048576K
}
Event: 119.260 GC heap before
{Heap before GC invocations=67 (full 0):
 garbage-first heap   total 376832K, used 346435K [0x0000000704600000, 0x0000000800000000)
  region size 2048K, 64 young (131072K), 5 survivors (10240K)
 Metaspace       used 108325K, committed 111040K, reserved 1179648K
  class space    used 15511K, committed 16768K, reserved 1048576K
}
Event: 119.275 GC heap after
{Heap after GC invocations=68 (full 0):
 garbage-first heap   total 376832K, used 238091K [0x0000000704600000, 0x0000000800000000)
  region size 2048K, 8 young (16384K), 8 survivors (16384K)
 Metaspace       used 108325K, committed 111040K, reserved 1179648K
  class space    used 15511K, committed 16768K, reserved 1048576K
}
Event: 121.152 GC heap before
{Heap before GC invocations=68 (full 0):
 garbage-first heap   total 376832K, used 342539K [0x0000000704600000, 0x0000000800000000)
  region size 2048K, 60 young (122880K), 8 survivors (16384K)
 Metaspace       used 108330K, committed 111040K, reserved 1179648K
  class space    used 15511K, committed 16768K, reserved 1048576K
}
Event: 121.167 GC heap after
{Heap after GC invocations=69 (full 0):
 garbage-first heap   total 376832K, used 242471K [0x0000000704600000, 0x0000000800000000)
  region size 2048K, 4 young (8192K), 4 survivors (8192K)
 Metaspace       used 108330K, committed 111040K, reserved 1179648K
  class space    used 15511K, committed 16768K, reserved 1048576K
}
Event: 127.598 GC heap before
{Heap before GC invocations=69 (full 0):
 garbage-first heap   total 376832K, used 342823K [0x0000000704600000, 0x0000000800000000)
  region size 2048K, 54 young (110592K), 4 survivors (8192K)
 Metaspace       used 108855K, committed 111680K, reserved 1179648K
  class space    used 15571K, committed 16832K, reserved 1048576K
}
Event: 127.611 GC heap after
{Heap after GC invocations=70 (full 0):
 garbage-first heap   total 376832K, used 256330K [0x0000000704600000, 0x0000000800000000)
  region size 2048K, 7 young (14336K), 7 survivors (14336K)
 Metaspace       used 108855K, committed 111680K, reserved 1179648K
  class space    used 15571K, committed 16832K, reserved 1048576K
}
Event: 129.563 GC heap before
{Heap before GC invocations=71 (full 0):
 garbage-first heap   total 430080K, used 340298K [0x0000000704600000, 0x0000000800000000)
  region size 2048K, 49 young (100352K), 7 survivors (14336K)
 Metaspace       used 108855K, committed 111680K, reserved 1179648K
  class space    used 15571K, committed 16832K, reserved 1048576K
}
Event: 129.578 GC heap after
{Heap after GC invocations=72 (full 0):
 garbage-first heap   total 430080K, used 262090K [0x0000000704600000, 0x0000000800000000)
  region size 2048K, 3 young (6144K), 3 survivors (6144K)
 Metaspace       used 108855K, committed 111680K, reserved 1179648K
  class space    used 15571K, committed 16832K, reserved 1048576K
}
Event: 132.718 GC heap before
{Heap before GC invocations=72 (full 0):
 garbage-first heap   total 430080K, used 393162K [0x0000000704600000, 0x0000000800000000)
  region size 2048K, 68 young (139264K), 3 survivors (6144K)
 Metaspace       used 108948K, committed 111744K, reserved 1179648K
  class space    used 15584K, committed 16832K, reserved 1048576K
}
Event: 132.737 GC heap after
{Heap after GC invocations=73 (full 0):
 garbage-first heap   total 430080K, used 263394K [0x0000000704600000, 0x0000000800000000)
  region size 2048K, 5 young (10240K), 5 survivors (10240K)
 Metaspace       used 108948K, committed 111744K, reserved 1179648K
  class space    used 15584K, committed 16832K, reserved 1048576K
}
Event: 136.089 GC heap before
{Heap before GC invocations=73 (full 0):
 garbage-first heap   total 430080K, used 394466K [0x0000000704600000, 0x0000000800000000)
  region size 2048K, 70 young (143360K), 5 survivors (10240K)
 Metaspace       used 109191K, committed 112064K, reserved 1179648K
  class space    used 15616K, committed 16896K, reserved 1048576K
}
Event: 136.106 GC heap after
{Heap after GC invocations=74 (full 0):
 garbage-first heap   total 430080K, used 272386K [0x0000000704600000, 0x0000000800000000)
  region size 2048K, 9 young (18432K), 9 survivors (18432K)
 Metaspace       used 109191K, committed 112064K, reserved 1179648K
  class space    used 15616K, committed 16896K, reserved 1048576K
}
Event: 141.202 GC heap before
{Heap before GC invocations=75 (full 0):
 garbage-first heap   total 458752K, used 395266K [0x0000000704600000, 0x0000000800000000)
  region size 2048K, 70 young (143360K), 9 survivors (18432K)
 Metaspace       used 110083K, committed 112960K, reserved 1179648K
  class space    used 15715K, committed 17024K, reserved 1048576K
}
Event: 141.227 GC heap after
{Heap after GC invocations=76 (full 0):
 garbage-first heap   total 458752K, used 288846K [0x0000000704600000, 0x0000000800000000)
  region size 2048K, 9 young (18432K), 9 survivors (18432K)
 Metaspace       used 110083K, committed 112960K, reserved 1179648K
  class space    used 15715K, committed 17024K, reserved 1048576K
}
Event: 143.956 GC heap before
{Heap before GC invocations=76 (full 0):
 garbage-first heap   total 458752K, used 415822K [0x0000000704600000, 0x0000000800000000)
  region size 2048K, 71 young (145408K), 9 survivors (18432K)
 Metaspace       used 118235K, committed 121152K, reserved 1179648K
  class space    used 16818K, committed 18176K, reserved 1048576K
}
Event: 143.981 GC heap after
{Heap after GC invocations=77 (full 0):
 garbage-first heap   total 458752K, used 295887K [0x0000000704600000, 0x0000000800000000)
  region size 2048K, 6 young (12288K), 6 survivors (12288K)
 Metaspace       used 118235K, committed 121152K, reserved 1179648K
  class space    used 16818K, committed 18176K, reserved 1048576K
}
Event: 145.989 GC heap before
{Heap before GC invocations=77 (full 0):
 garbage-first heap   total 458752K, used 418767K [0x0000000704600000, 0x0000000800000000)
  region size 2048K, 66 young (135168K), 6 survivors (12288K)
 Metaspace       used 119705K, committed 122688K, reserved 1179648K
  class space    used 16983K, committed 18368K, reserved 1048576K
}
Event: 146.019 GC heap after
{Heap after GC invocations=78 (full 0):
 garbage-first heap   total 471040K, used 335851K [0x0000000704600000, 0x0000000800000000)
  region size 2048K, 9 young (18432K), 9 survivors (18432K)
 Metaspace       used 119705K, committed 122688K, reserved 1179648K
  class space    used 16983K, committed 18368K, reserved 1048576K
}

